<?xml version="1.0" encoding="UTF-8"?>
<!-- Generated by org.testng.reporters.JUnitXMLReporter -->
<testsuite ignored="2" hostname="DESKTOP-J4R9O4L" failures="0" tests="1" name="Default test" time="3.146" errors="0" timestamp="2022-03-07T12:42:54 CET">
  <testcase classname="tests.PutPatchDeleteExamples" name="testDelete" time="3.1"/>
  <testcase classname="tests.PutPatchDeleteExamples" name="testPut" time="0.0">
    <ignored/>
  </testcase> <!-- testPut -->
  <testcase classname="tests.PutPatchDeleteExamples" name="testPatch" time="0.0">
    <ignored/>
  </testcase> <!-- testPatch -->
</testsuite> <!-- Default test -->
